<?xml version="1.0" encoding="UTF-8"?>
<!-- Generated by org.testng.reporters.JUnitXMLReporter -->
<testsuite ignored="0" hostname="DELL" failures="0" tests="1" name="homepomTest" time="0.136" errors="0" timestamp="2024-04-06T12:52:45 IST">
  <testcase classname="genericLibrary.BaseClass" name="@BeforeClass beforeclass" time="-1.712388165365E9">
    <failure type="org.testng.TestNGException" message="
Parameter &amp;apos;browser&amp;apos; is required by BeforeClass on method beforeclass but has not been marked @Optional or defined
in C:\Users\Admin\Desktop\selenium\Digital\homepom.xml">
      <![CDATA[org.testng.TestNGException: 
Parameter 'browser' is required by BeforeClass on method beforeclass but has not been marked @Optional or defined
in C:\Users\Admin\Desktop\selenium\Digital\homepom.xml
at java.base/java.util.ArrayList.forEach(ArrayList.java:1511)
... Removed 22 stack frames]]>
    </failure>
  </testcase> <!-- @BeforeClass beforeclass -->
  <testcase classname="genericLibrary.BaseClass" name="@BeforeMethod beforemethod" time="0.0">
    <skipped/>
  </testcase> <!-- @BeforeMethod beforemethod -->
  <testcase classname="genericLibrary.BaseClass" name="@AfterMethod aftermethod" time="0.0">
    <skipped/>
  </testcase> <!-- @AfterMethod aftermethod -->
  <testcase classname="genericLibrary.BaseClass" name="@AfterClass afterclass" time="0.0">
    <skipped/>
  </testcase> <!-- @AfterClass afterclass -->
  <testcase classname="testscripts.HomePageTest" name="home_001" time="0.005">
    <skipped/>
  </testcase> <!-- home_001 -->
</testsuite> <!-- homepomTest -->
